[28-Feb-2022 23:22:53 Asia/Tehran] Uncaught exception: 'ricwein\FileSystem\Exceptions\FileNotFoundException' with message 'unable to remove directory for path: "I:\Projects\medium\app\storage\posts\2f6c7cae-5c13-4292-903f-443b2da20900\364f37cb-a529-4ea2-b1be-734b50a39e08"'
Stack trace: #0 I:\Projects\medium\vendor\ricwein\filesystem\src\Directory.php(121): ricwein\FileSystem\Storage\Disk->removeDir()
#1 I:\Projects\medium\app\controllers\PostController.php(164): ricwein\FileSystem\Directory->remove()
#2 [internal function]: App\Controllers\PostController->delete(Object(Core\Request))
#3 I:\Projects\medium\core\Controller.php(30): call_user_func_array(Array, Array)
#4 [internal function]: Core\Controller->__call('delete', Array, controller: 'App\\Controllers...', action: 'delete', params: Array)
#5 I:\Projects\medium\core\Router.php(149): call_user_func_array(Array, Array)
#6 I:\Projects\medium\core\Bootstrap.php(43): Core\Router->dispatch('post/364f37cb-a...')
#7 I:\Projects\medium\public\index.php(17): Core\Bootstrap->run()
#8 {main}
Thrown in 'I:\Projects\medium\vendor\ricwein\filesystem\src\Storage\Disk.php' on line 313
[28-Feb-2022 23:28:53 Asia/Tehran] Uncaught exception: 'ricwein\FileSystem\Exceptions\RuntimeException' with message 'unable to open directory "I:\Projects\medium\app\storage\posts\2f6c7cae-5c13-4292-903f-443b2da20900\e251c478-3154-431d-a9ee-309a43cc406b"'
Stack trace: #0 I:\Projects\medium\vendor\ricwein\filesystem\src\Helper\DirectoryIterator.php(111): ricwein\FileSystem\Storage\Disk->list(true, NULL)
#1 I:\Projects\medium\vendor\ricwein\filesystem\src\Helper\DirectoryIterator.php(137): ricwein\FileSystem\Helper\DirectoryIterator->storages()
#2 I:\Projects\medium\vendor\ricwein\filesystem\src\Helper\DirectoryIterator.php(162): ricwein\FileSystem\Helper\DirectoryIterator->all(255)
#3 I:\Projects\medium\vendor\ricwein\filesystem\src\Directory.php(185): ricwein\FileSystem\Helper\DirectoryIterator->files(255)
#4 I:\Projects\medium\app\controllers\PostController.php(163): ricwein\FileSystem\Directory->getSize()
#5 [internal function]: App\Controllers\PostController->delete(Object(Core\Request))
#6 I:\Projects\medium\core\Controller.php(30): call_user_func_array(Array, Array)
#7 [internal function]: Core\Controller->__call('delete', Array, controller: 'App\\Controllers...', action: 'delete', params: Array)
#8 I:\Projects\medium\core\Router.php(149): call_user_func_array(Array, Array)
#9 I:\Projects\medium\core\Bootstrap.php(43): Core\Router->dispatch('post/e251c478-3...')
#10 I:\Projects\medium\public\index.php(17): Core\Bootstrap->run()
#11 {main}
Thrown in 'I:\Projects\medium\vendor\ricwein\filesystem\src\Storage\Disk.php' on line 356
